TN:
SF:src\components\chat\ChatInput.tsx
FN:10,SendIcon
FN:29,ChatInput
FN:34,(anonymous_2)
FN:46,(anonymous_3)
FNF:4
FNH:4
FNDA:27,SendIcon
FNDA:27,ChatInput
FNDA:1,(anonymous_2)
FNDA:20,(anonymous_3)
DA:11,27
DA:30,27
DA:32,27
DA:34,27
DA:35,1
DA:36,1
DA:37,1
DA:40,27
DA:46,20
LF:9
LH:9
BRDA:29,0,0,27
BRDA:32,1,0,27
BRDA:32,1,1,20
BRDA:35,2,0,0
BRDA:35,2,1,1
BRF:5
BRH:4
end_of_record
TN:
SF:src\components\chat\ChatPanel.tsx
FN:14,ChatPanel
FN:16,(anonymous_1)
FNF:2
FNH:1
FNDA:6,ChatPanel
FNDA:0,(anonymous_1)
DA:16,6
DA:18,0
DA:23,6
DA:25,6
LF:4
LH:3
BRF:0
BRH:0
end_of_record
TN:
SF:src\components\chat\MessageBubble.tsx
FN:9,MessageBubble
FNF:1
FNH:1
FNDA:3,MessageBubble
DA:10,3
DA:12,3
LF:2
LH:2
BRDA:16,0,0,2
BRDA:16,0,1,1
BRDA:19,1,0,2
BRDA:19,1,1,1
BRDA:23,2,0,2
BRDA:23,2,1,1
BRDA:26,3,0,3
BRDA:26,3,1,0
BRF:8
BRH:7
end_of_record
TN:
SF:src\components\chat\MessageList.tsx
FN:12,EmptyState
FN:36,MessageList
FN:40,(anonymous_2)
FN:45,(anonymous_3)
FN:63,(anonymous_4)
FNF:5
FNH:5
FNDA:3,EmptyState
FNDA:6,MessageList
FNDA:6,(anonymous_2)
FNDA:3,(anonymous_3)
FNDA:3,(anonymous_4)
DA:13,3
DA:37,6
DA:38,6
DA:40,6
DA:41,6
DA:42,6
DA:45,3
DA:47,3
DA:48,3
DA:49,3
DA:50,0
DA:56,6
DA:57,3
DA:60,3
DA:64,3
LF:15
LH:14
BRDA:42,0,0,3
BRDA:42,0,1,3
BRDA:48,1,0,3
BRDA:48,1,1,0
BRDA:48,2,0,3
BRDA:48,2,1,0
BRDA:49,3,0,0
BRDA:49,3,1,3
BRDA:56,4,0,3
BRDA:56,4,1,3
BRDA:56,5,0,6
BRDA:56,5,1,4
BRDA:66,6,0,3
BRDA:66,6,1,2
BRF:14
BRH:11
end_of_record
TN:
SF:src\components\chat\TypingIndicator.tsx
FN:4,TypingIndicator
FNF:1
FNH:1
FNDA:2,TypingIndicator
DA:5,2
LF:1
LH:1
BRF:0
BRH:0
end_of_record
TN:
SF:src\components\schema-builder\FieldRow.tsx
FN:20,FieldRow
FN:30,(anonymous_1)
FN:43,(anonymous_2)
FN:53,(anonymous_3)
FN:67,(anonymous_4)
FN:84,(anonymous_5)
FN:96,TrashIcon
FNF:7
FNH:6
FNDA:40,FieldRow
FNDA:10,(anonymous_1)
FNDA:6,(anonymous_2)
FNDA:360,(anonymous_3)
FNDA:0,(anonymous_4)
FNDA:1,(anonymous_5)
FNDA:40,TrashIcon
DA:14,1
DA:21,40
DA:31,10
DA:44,6
DA:45,6
DA:46,6
DA:54,360
DA:68,0
DA:84,1
DA:97,40
LF:10
LH:9
BRDA:45,0,0,6
BRDA:45,0,1,0
BRF:2
BRH:1
end_of_record
TN:
SF:src\components\schema-builder\SchemaBuilder.tsx
FN:14,SchemaBuilder
FN:25,(anonymous_1)
FN:38,(anonymous_2)
FN:38,(anonymous_3)
FN:55,(anonymous_4)
FN:68,PlusIcon
FN:76,GridIcon
FNF:7
FNH:7
FNDA:53,SchemaBuilder
FNDA:17,(anonymous_1)
FNDA:2,(anonymous_2)
FNDA:2,(anonymous_3)
FNDA:40,(anonymous_4)
FNDA:53,PlusIcon
FNDA:17,GridIcon
DA:15,53
DA:17,53
DA:25,17
DA:38,2
DA:56,40
DA:69,53
DA:77,17
LF:7
LH:7
BRDA:31,0,0,33
BRDA:31,0,1,20
BRDA:40,1,0,2
BRDA:40,1,1,51
BRDA:46,2,0,17
BRDA:46,2,1,36
BRDA:63,3,0,53
BRDA:63,3,1,2
BRF:8
BRH:8
end_of_record
TN:
SF:src\components\schema-builder\SchemaPreview.tsx
FN:11,SchemaPreview
FN:14,(anonymous_1)
FN:16,handleCopy
FN:20,(anonymous_3)
FN:23,(anonymous_4)
FN:27,copyLabel
FNF:6
FNH:4
FNDA:8,SchemaPreview
FNDA:5,(anonymous_1)
FNDA:3,handleCopy
FNDA:0,(anonymous_3)
FNDA:0,(anonymous_4)
FNDA:8,copyLabel
DA:12,8
DA:13,8
DA:14,8
DA:17,3
DA:18,3
DA:19,2
DA:20,2
DA:22,1
DA:23,1
DA:28,8
DA:29,6
DA:30,5
DA:33,8
LF:13
LH:13
BRDA:28,0,0,2
BRDA:28,0,1,6
BRDA:29,1,0,1
BRDA:29,1,1,5
BRF:4
BRH:4
end_of_record
TN:
SF:src\components\schema-builder\TypeOptions.tsx
FN:16,TypeOptions
FN:30,(anonymous_1)
FN:46,(anonymous_2)
FN:69,(anonymous_3)
FN:93,(anonymous_4)
FN:96,(anonymous_5)
FN:97,(anonymous_6)
FNF:7
FNH:1
FNDA:40,TypeOptions
FNDA:0,(anonymous_1)
FNDA:0,(anonymous_2)
FNDA:0,(anonymous_3)
FNDA:0,(anonymous_4)
FNDA:0,(anonymous_5)
FNDA:0,(anonymous_6)
DA:12,1
DA:14,1
DA:17,40
DA:18,3
DA:19,3
DA:20,3
DA:31,0
DA:47,0
DA:58,37
DA:59,1
DA:60,1
DA:70,0
DA:81,36
DA:82,1
DA:83,1
DA:94,0
DA:96,0
DA:97,0
DA:98,0
DA:109,35
LF:20
LH:13
BRDA:17,0,0,3
BRDA:17,0,1,37
BRDA:17,1,0,40
BRDA:17,1,1,38
BRDA:18,2,0,3
BRDA:18,2,1,0
BRDA:19,3,0,1
BRDA:19,3,1,2
BRDA:58,4,0,1
BRDA:58,4,1,36
BRDA:59,5,0,1
BRDA:59,5,1,0
BRDA:81,6,0,1
BRDA:81,6,1,35
BRDA:82,7,0,1
BRDA:82,7,1,0
BRF:16
BRH:13
end_of_record
TN:
SF:src\components\schema-builder\field-defaults.ts
FN:3,getDefaultTypeOptions
FN:13,createDefaultField
FNF:2
FNH:2
FNDA:12,getDefaultTypeOptions
FNDA:44,createDefaultField
DA:4,12
DA:5,4
DA:6,2
DA:7,2
DA:8,2
DA:9,2
DA:14,44
LF:7
LH:7
BRDA:4,0,0,4
BRDA:4,0,1,2
BRDA:4,0,2,2
BRDA:4,0,3,2
BRDA:4,0,4,2
BRF:5
BRH:5
end_of_record
TN:
SF:src\components\ui\Avatar.tsx
FN:8,BotIcon
FN:30,Avatar
FNF:2
FNH:2
FNDA:4,BotIcon
FNDA:8,Avatar
DA:9,4
DA:31,8
DA:32,8
LF:3
LH:3
BRDA:36,0,0,4
BRDA:36,0,1,4
BRDA:43,1,0,4
BRDA:43,1,1,4
BRF:4
BRH:4
end_of_record
TN:
SF:src\components\ui\Button.tsx
FN:34,(anonymous_0)
FNF:1
FNH:1
FNDA:181,(anonymous_0)
DA:12,2
DA:28,2
DA:34,2
DA:36,181
DA:54,2
LF:5
LH:5
BRDA:35,0,0,181
BRDA:35,1,0,181
BRF:2
BRH:2
end_of_record
TN:
SF:src\components\ui\Card.tsx
FN:7,Card
FNF:1
FNH:1
FNDA:61,Card
DA:8,61
LF:1
LH:1
BRDA:7,0,0,61
BRDA:13,1,0,61
BRDA:13,1,1,0
BRF:3
BRH:2
end_of_record
TN:
SF:src\components\ui\ScrollArea.tsx
FN:7,(anonymous_0)
FNF:1
FNH:1
FNDA:6,(anonymous_0)
DA:7,2
DA:9,6
DA:19,2
LF:3
LH:3
BRF:0
BRH:0
end_of_record
TN:
SF:src\components\ui\Textarea.tsx
FN:13,(anonymous_0)
FN:18,(anonymous_1)
FN:29,(anonymous_2)
FN:38,(anonymous_3)
FNF:4
FNH:4
FNDA:33,(anonymous_0)
FNDA:24,(anonymous_1)
FNDA:33,(anonymous_2)
FNDA:24,(anonymous_3)
DA:6,2
DA:13,2
DA:15,33
DA:18,33
DA:20,24
DA:21,24
DA:22,24
DA:29,33
DA:30,33
DA:31,33
DA:32,33
DA:33,33
DA:34,33
DA:35,33
DA:38,33
DA:39,24
DA:40,2
DA:41,2
DA:43,24
DA:46,33
DA:65,2
LF:21
LH:21
BRDA:21,0,0,0
BRDA:21,0,1,24
BRDA:22,1,0,0
BRDA:22,1,1,24
BRDA:31,2,0,0
BRDA:31,2,1,33
BRDA:35,3,0,0
BRDA:35,3,1,33
BRDA:39,4,0,2
BRDA:39,4,1,22
BRDA:39,5,0,24
BRDA:39,5,1,23
BRDA:39,5,2,2
BRF:13
BRH:9
end_of_record
TN:
SF:src\hooks\useChat.ts
FN:37,toFriendlyError
FN:59,useChat
FN:66,(anonymous_2)
FN:68,(anonymous_3)
FN:74,(anonymous_4)
FN:79,(anonymous_5)
FN:90,(anonymous_6)
FN:106,(anonymous_7)
FN:133,(anonymous_8)
FNF:9
FNH:9
FNDA:6,toFriendlyError
FNDA:28,useChat
FNDA:28,(anonymous_2)
FNDA:12,(anonymous_3)
FNDA:11,(anonymous_4)
FNDA:13,(anonymous_5)
FNDA:12,(anonymous_6)
FNDA:11,(anonymous_7)
FNDA:1,(anonymous_8)
DA:7,1
DA:38,6
DA:39,6
DA:40,4
DA:41,3
DA:42,2
DA:43,2
DA:44,0
DA:45,0
DA:60,28
DA:61,28
DA:65,28
DA:66,28
DA:68,28
DA:69,12
DA:74,12
DA:75,12
DA:78,28
DA:80,13
DA:81,13
DA:83,12
DA:90,12
DA:91,12
DA:93,12
DA:94,13
DA:95,1
DA:100,1
DA:101,1
DA:104,11
DA:106,11
DA:111,11
DA:112,7
DA:114,7
DA:116,7
DA:121,6
DA:127,11
DA:133,28
DA:134,1
DA:137,28
LF:39
LH:37
BRDA:38,0,0,6
BRDA:38,0,1,0
BRDA:39,1,0,2
BRDA:39,1,1,4
BRDA:40,2,0,1
BRDA:40,2,1,3
BRDA:41,3,0,1
BRDA:41,3,1,2
BRDA:42,4,0,2
BRDA:42,4,1,0
BRDA:44,5,0,0
BRDA:44,5,1,0
BRDA:81,6,0,1
BRDA:81,6,1,12
BRDA:81,7,0,13
BRDA:81,7,1,12
BRDA:94,8,0,1
BRDA:94,8,1,12
BRDA:118,9,0,0
BRDA:118,9,1,5
BRF:20
BRH:15
end_of_record
TN:
SF:src\hooks\useSchemaReducer.ts
FN:14,schemaReducer
FN:23,(anonymous_1)
FN:29,(anonymous_2)
FN:39,(anonymous_3)
FN:62,useSchemaReducer
FNF:5
FNH:5
FNDA:76,schemaReducer
FNDA:6,(anonymous_1)
FNDA:16,(anonymous_2)
FNDA:12,(anonymous_3)
FNDA:51,useSchemaReducer
DA:12,2
DA:15,76
DA:17,44
DA:18,44
DA:22,4
DA:23,6
DA:28,15
DA:30,16
DA:38,12
DA:40,12
DA:48,0
DA:54,1
DA:55,1
DA:56,1
DA:63,51
DA:64,51
LF:16
LH:15
BRDA:15,0,0,44
BRDA:15,0,1,4
BRDA:15,0,2,15
BRDA:15,0,3,12
BRDA:15,0,4,0
BRDA:15,0,5,1
BRDA:30,1,0,14
BRDA:30,1,1,2
BRDA:40,2,0,12
BRDA:40,2,1,0
BRF:10
BRH:8
end_of_record
TN:
SF:src\lib\api.ts
FN:18,callClaude
FNF:1
FNH:1
FNDA:6,callClaude
DA:24,6
DA:26,6
DA:41,5
DA:42,2
DA:43,2
DA:44,2
DA:45,1
DA:49,2
DA:54,3
DA:55,3
DA:56,6
DA:57,1
DA:59,2
LF:13
LH:13
BRDA:22,0,0,6
BRDA:41,1,0,2
BRDA:41,1,1,3
BRDA:45,2,0,1
BRDA:45,2,1,0
BRDA:50,3,0,1
BRDA:50,3,1,1
BRDA:56,4,0,1
BRDA:56,4,1,5
BRF:9
BRH:8
end_of_record
TN:
SF:src\lib\cn.ts
FN:4,cn
FNF:1
FNH:1
FNDA:377,cn
DA:5,377
LF:1
LH:1
BRF:0
BRH:0
end_of_record
TN:
SF:src\lib\exportSchema.ts
FN:3,exportSchema
FN:5,(anonymous_1)
FNF:2
FNH:2
FNDA:8,exportSchema
FNDA:8,(anonymous_1)
DA:4,8
DA:5,8
LF:2
LH:2
BRF:0
BRH:0
end_of_record
TN:
SF:src\lib\parseSchema.ts
FN:8,extractJson
FN:19,isValidOptions
FN:37,(anonymous_2)
FN:46,isValidField
FN:60,parseSchemaResponse
FN:80,(anonymous_5)
FNF:6
FNH:6
FNDA:33,extractJson
FNDA:26,isValidOptions
FNDA:3,(anonymous_2)
FNDA:29,isValidField
FNDA:33,parseSchemaResponse
FNDA:29,(anonymous_5)
DA:10,33
DA:11,33
DA:12,31
DA:21,26
DA:22,12
DA:24,12
DA:26,12
DA:29,6
DA:32,2
DA:35,3
DA:37,3
DA:42,1
DA:47,29
DA:48,29
DA:49,29
DA:50,28
DA:51,27
DA:52,26
DA:53,20
DA:61,33
DA:64,33
DA:65,33
DA:67,3
DA:70,30
DA:71,1
DA:74,29
DA:76,29
DA:77,1
DA:80,29
DA:81,28
DA:82,9
DA:88,19
LF:32
LH:32
BRDA:11,0,0,2
BRDA:11,0,1,31
BRDA:21,1,0,14
BRDA:21,1,1,12
BRDA:21,2,0,26
BRDA:21,2,1,12
BRDA:22,3,0,0
BRDA:22,3,1,12
BRDA:22,4,0,12
BRDA:22,4,1,12
BRDA:26,5,0,4
BRDA:26,5,1,6
BRDA:26,5,2,2
BRDA:26,5,3,3
BRDA:26,5,4,1
BRDA:29,6,0,6
BRDA:29,6,1,4
BRDA:36,7,0,3
BRDA:36,7,1,2
BRDA:47,8,0,0
BRDA:47,8,1,29
BRDA:47,9,0,29
BRDA:47,9,1,29
BRDA:49,10,0,1
BRDA:49,10,1,28
BRDA:49,11,0,29
BRDA:49,11,1,29
BRDA:50,12,0,1
BRDA:50,12,1,27
BRDA:51,13,0,1
BRDA:51,13,1,26
BRDA:51,14,0,27
BRDA:51,14,1,27
BRDA:51,14,2,27
BRDA:52,15,0,6
BRDA:52,15,1,20
BRDA:70,16,0,1
BRDA:70,16,1,29
BRDA:70,17,0,30
BRDA:70,17,1,29
BRDA:76,18,0,1
BRDA:76,18,1,28
BRDA:81,19,0,9
BRDA:81,19,1,19
BRF:44
BRH:42
end_of_record
TN:
SF:src\lib\schemaToFields.ts
FN:7,exportedSchemaToFields
FN:8,(anonymous_1)
FNF:2
FNH:2
FNDA:5,exportedSchemaToFields
FNDA:7,(anonymous_1)
DA:8,7
LF:1
LH:1
BRDA:13,0,0,7
BRDA:13,0,1,5
BRF:2
BRH:2
end_of_record
TN:
SF:src\lib\styles.ts
FNF:0
FNH:0
DA:3,3
LF:1
LH:1
BRF:0
BRH:0
end_of_record
TN:
SF:src\types\schema.ts
FNF:0
FNH:0
DA:12,3
LF:1
LH:1
BRF:0
BRH:0
end_of_record
