TN:
SF:src\components\chat\ChatInput.tsx
FN:10,SendIcon
FN:29,ChatInput
FN:34,(anonymous_2)
FN:46,(anonymous_3)
FNF:4
FNH:4
FNDA:27,SendIcon
FNDA:27,ChatInput
FNDA:1,(anonymous_2)
FNDA:20,(anonymous_3)
DA:11,27
DA:30,27
DA:32,27
DA:34,27
DA:35,1
DA:36,1
DA:37,1
DA:40,27
DA:46,20
LF:9
LH:9
BRDA:29,0,0,27
BRDA:32,1,0,27
BRDA:32,1,1,20
BRDA:35,2,0,0
BRDA:35,2,1,1
BRF:5
BRH:4
end_of_record
TN:
SF:src\components\chat\ChatPanel.tsx
FN:14,ChatPanel
FN:16,(anonymous_1)
FNF:2
FNH:1
FNDA:6,ChatPanel
FNDA:0,(anonymous_1)
DA:16,6
DA:18,0
DA:23,6
DA:25,6
LF:4
LH:3
BRF:0
BRH:0
end_of_record
TN:
SF:src\components\chat\MessageBubble.tsx
FN:9,MessageBubble
FNF:1
FNH:1
FNDA:3,MessageBubble
DA:10,3
DA:12,3
LF:2
LH:2
BRDA:16,0,0,2
BRDA:16,0,1,1
BRDA:19,1,0,2
BRDA:19,1,1,1
BRDA:23,2,0,2
BRDA:23,2,1,1
BRDA:26,3,0,3
BRDA:26,3,1,0
BRF:8
BRH:7
end_of_record
TN:
SF:src\components\chat\MessageList.tsx
FN:12,EmptyState
FN:36,MessageList
FN:40,(anonymous_2)
FN:45,(anonymous_3)
FN:63,(anonymous_4)
FNF:5
FNH:5
FNDA:3,EmptyState
FNDA:6,MessageList
FNDA:6,(anonymous_2)
FNDA:3,(anonymous_3)
FNDA:3,(anonymous_4)
DA:13,3
DA:37,6
DA:38,6
DA:40,6
DA:41,6
DA:42,6
DA:45,3
DA:47,3
DA:48,3
DA:49,3
DA:50,0
DA:56,6
DA:57,3
DA:60,3
DA:64,3
LF:15
LH:14
BRDA:42,0,0,3
BRDA:42,0,1,3
BRDA:48,1,0,3
BRDA:48,1,1,0
BRDA:48,2,0,3
BRDA:48,2,1,0
BRDA:49,3,0,0
BRDA:49,3,1,3
BRDA:56,4,0,3
BRDA:56,4,1,3
BRDA:56,5,0,6
BRDA:56,5,1,4
BRDA:66,6,0,3
BRDA:66,6,1,2
BRF:14
BRH:11
end_of_record
TN:
SF:src\components\chat\TypingIndicator.tsx
FN:4,TypingIndicator
FNF:1
FNH:1
FNDA:2,TypingIndicator
DA:5,2
LF:1
LH:1
BRF:0
BRH:0
end_of_record
TN:
SF:src\components\schema-builder\ConstraintEditor.tsx
FN:20,ConstraintEditor
FN:32,(anonymous_1)
FN:34,(anonymous_2)
FN:41,(anonymous_3)
FN:64,(anonymous_4)
FN:74,PlusIcon
FN:82,LinkIcon
FNF:7
FNH:7
FNDA:61,ConstraintEditor
FNDA:1,(anonymous_1)
FNDA:244,(anonymous_2)
FNDA:1,(anonymous_3)
FNDA:6,(anonymous_4)
FNDA:61,PlusIcon
FNDA:58,LinkIcon
DA:13,2
DA:21,61
DA:22,61
DA:24,61
DA:32,1
DA:35,244
DA:41,1
DA:65,6
DA:75,61
DA:83,58
LF:10
LH:10
BRDA:46,0,0,61
BRDA:46,0,1,3
BRDA:48,1,0,0
BRDA:48,1,1,3
BRDA:55,2,0,58
BRDA:55,2,1,3
BRF:6
BRH:5
end_of_record
TN:
SF:src\components\schema-builder\ConstraintRow.tsx
FN:28,FieldSelect
FN:44,(anonymous_1)
FN:47,(anonymous_2)
FN:54,ComparisonInputs
FN:64,(anonymous_4)
FN:73,(anonymous_5)
FN:79,(anonymous_6)
FN:89,(anonymous_7)
FN:95,ConditionalNullInputs
FN:104,(anonymous_9)
FN:113,(anonymous_10)
FN:120,(anonymous_11)
FN:129,(anonymous_12)
FN:135,UniqueInputs
FN:149,(anonymous_14)
FN:156,CustomInputs
FN:170,(anonymous_16)
FN:187,ConstraintRow
FN:214,(anonymous_18)
FN:224,TrashIcon
FNF:20
FNH:17
FNDA:21,FieldSelect
FNDA:2,(anonymous_1)
FNDA:44,(anonymous_2)
FNDA:5,ComparisonInputs
FNDA:2,(anonymous_4)
FNDA:1,(anonymous_5)
FNDA:1,(anonymous_6)
FNDA:0,(anonymous_7)
FNDA:3,ConditionalNullInputs
FNDA:1,(anonymous_9)
FNDA:0,(anonymous_10)
FNDA:0,(anonymous_11)
FNDA:1,(anonymous_12)
FNDA:5,UniqueInputs
FNDA:1,(anonymous_14)
FNDA:5,CustomInputs
FNDA:1,(anonymous_16)
FNDA:18,ConstraintRow
FNDA:1,(anonymous_18)
FNDA:18,TrashIcon
DA:22,3
DA:39,21
DA:44,2
DA:48,44
DA:63,5
DA:64,5
DA:65,2
DA:67,5
DA:73,1
DA:79,1
DA:89,0
DA:104,3
DA:105,1
DA:107,3
DA:113,0
DA:120,0
DA:129,1
DA:144,5
DA:150,1
DA:163,5
DA:171,1
DA:180,3
DA:188,18
DA:214,1
DA:225,18
LF:25
LH:22
BRDA:46,0,0,21
BRDA:46,0,1,3
BRDA:196,1,0,18
BRDA:196,1,1,5
BRDA:199,2,0,18
BRDA:199,2,1,3
BRDA:202,3,0,18
BRDA:202,3,1,5
BRDA:205,4,0,18
BRDA:205,4,1,5
BRF:10
BRH:10
end_of_record
TN:
SF:src\components\schema-builder\FieldRow.tsx
FN:20,FieldRow
FN:30,(anonymous_1)
FN:43,(anonymous_2)
FN:53,(anonymous_3)
FN:67,(anonymous_4)
FN:84,(anonymous_5)
FN:96,TrashIcon
FNF:7
FNH:6
FNDA:40,FieldRow
FNDA:10,(anonymous_1)
FNDA:6,(anonymous_2)
FNDA:360,(anonymous_3)
FNDA:0,(anonymous_4)
FNDA:1,(anonymous_5)
FNDA:40,TrashIcon
DA:14,1
DA:21,40
DA:31,10
DA:44,6
DA:45,6
DA:46,6
DA:54,360
DA:68,0
DA:84,1
DA:97,40
LF:10
LH:9
BRDA:45,0,0,6
BRDA:45,0,1,0
BRF:2
BRH:1
end_of_record
TN:
SF:src\components\schema-builder\SchemaBuilder.tsx
FN:15,SchemaBuilder
FN:26,(anonymous_1)
FN:39,(anonymous_2)
FN:39,(anonymous_3)
FN:56,(anonymous_4)
FN:77,PlusIcon
FN:85,GridIcon
FNF:7
FNH:7
FNDA:53,SchemaBuilder
FNDA:17,(anonymous_1)
FNDA:2,(anonymous_2)
FNDA:2,(anonymous_3)
FNDA:40,(anonymous_4)
FNDA:53,PlusIcon
FNDA:17,GridIcon
DA:16,53
DA:18,53
DA:26,17
DA:39,2
DA:57,40
DA:78,53
DA:86,17
LF:7
LH:7
BRDA:32,0,0,33
BRDA:32,0,1,20
BRDA:41,1,0,2
BRDA:41,1,1,51
BRDA:47,2,0,17
BRDA:47,2,1,36
BRDA:72,3,0,53
BRDA:72,3,1,2
BRF:8
BRH:8
end_of_record
TN:
SF:src\components\schema-builder\SchemaPreview.tsx
FN:11,SchemaPreview
FN:14,(anonymous_1)
FN:16,handleCopy
FN:20,(anonymous_3)
FN:23,(anonymous_4)
FN:27,copyLabel
FNF:6
FNH:4
FNDA:8,SchemaPreview
FNDA:5,(anonymous_1)
FNDA:3,handleCopy
FNDA:0,(anonymous_3)
FNDA:0,(anonymous_4)
FNDA:8,copyLabel
DA:12,8
DA:13,8
DA:14,8
DA:17,3
DA:18,3
DA:19,2
DA:20,2
DA:22,1
DA:23,1
DA:28,8
DA:29,6
DA:30,5
DA:33,8
LF:13
LH:13
BRDA:28,0,0,2
BRDA:28,0,1,6
BRDA:29,1,0,1
BRDA:29,1,1,5
BRF:4
BRH:4
end_of_record
TN:
SF:src\components\schema-builder\TypeOptions.tsx
FN:16,TypeOptions
FN:30,(anonymous_1)
FN:46,(anonymous_2)
FN:69,(anonymous_3)
FN:93,(anonymous_4)
FN:96,(anonymous_5)
FN:97,(anonymous_6)
FNF:7
FNH:1
FNDA:40,TypeOptions
FNDA:0,(anonymous_1)
FNDA:0,(anonymous_2)
FNDA:0,(anonymous_3)
FNDA:0,(anonymous_4)
FNDA:0,(anonymous_5)
FNDA:0,(anonymous_6)
DA:12,1
DA:14,1
DA:17,40
DA:18,3
DA:19,3
DA:20,3
DA:31,0
DA:47,0
DA:58,37
DA:59,1
DA:60,1
DA:70,0
DA:81,36
DA:82,1
DA:83,1
DA:94,0
DA:96,0
DA:97,0
DA:98,0
DA:109,35
LF:20
LH:13
BRDA:17,0,0,3
BRDA:17,0,1,37
BRDA:17,1,0,40
BRDA:17,1,1,38
BRDA:18,2,0,3
BRDA:18,2,1,0
BRDA:19,3,0,1
BRDA:19,3,1,2
BRDA:58,4,0,1
BRDA:58,4,1,36
BRDA:59,5,0,1
BRDA:59,5,1,0
BRDA:81,6,0,1
BRDA:81,6,1,35
BRDA:82,7,0,1
BRDA:82,7,1,0
BRF:16
BRH:13
end_of_record
TN:
SF:src\components\schema-builder\constraint-defaults.ts
FN:5,getEligibleFields
FN:7,(anonymous_1)
FN:10,createDefaultConstraint
FNF:3
FNH:3
FNDA:24,getEligibleFields
FNDA:15,(anonymous_1)
FNDA:19,createDefaultConstraint
DA:3,4
DA:6,24
DA:7,15
DA:11,19
DA:12,19
DA:13,19
DA:14,19
DA:16,19
DA:18,2
DA:20,1
DA:22,4
DA:24,12
LF:12
LH:12
BRDA:6,0,0,17
BRDA:6,0,1,7
BRDA:13,1,0,19
BRDA:13,1,1,14
BRDA:14,2,0,19
BRDA:14,2,1,19
BRDA:16,3,0,2
BRDA:16,3,1,1
BRDA:16,3,2,4
BRDA:16,3,3,12
BRF:10
BRH:10
end_of_record
TN:
SF:src\components\schema-builder\field-defaults.ts
FN:3,getDefaultTypeOptions
FN:13,createDefaultField
FNF:2
FNH:2
FNDA:12,getDefaultTypeOptions
FNDA:51,createDefaultField
DA:4,12
DA:5,4
DA:6,2
DA:7,2
DA:8,2
DA:9,2
DA:14,51
LF:7
LH:7
BRDA:4,0,0,4
BRDA:4,0,1,2
BRDA:4,0,2,2
BRDA:4,0,3,2
BRDA:4,0,4,2
BRF:5
BRH:5
end_of_record
TN:
SF:src\components\ui\Avatar.tsx
FN:8,BotIcon
FN:30,Avatar
FNF:2
FNH:2
FNDA:4,BotIcon
FNDA:8,Avatar
DA:9,4
DA:31,8
DA:32,8
LF:3
LH:3
BRDA:36,0,0,4
BRDA:36,0,1,4
BRDA:43,1,0,4
BRDA:43,1,1,4
BRF:4
BRH:4
end_of_record
TN:
SF:src\components\ui\Button.tsx
FN:34,(anonymous_0)
FNF:1
FNH:1
FNDA:260,(anonymous_0)
DA:12,4
DA:28,4
DA:34,4
DA:36,260
DA:54,4
LF:5
LH:5
BRDA:35,0,0,260
BRDA:35,1,0,260
BRF:2
BRH:2
end_of_record
TN:
SF:src\components\ui\Card.tsx
FN:7,Card
FNF:1
FNH:1
FNDA:122,Card
DA:8,122
LF:1
LH:1
BRDA:7,0,0,122
BRDA:13,1,0,122
BRDA:13,1,1,0
BRF:3
BRH:2
end_of_record
TN:
SF:src\components\ui\ScrollArea.tsx
FN:7,(anonymous_0)
FNF:1
FNH:1
FNDA:6,(anonymous_0)
DA:7,2
DA:9,6
DA:19,2
LF:3
LH:3
BRF:0
BRH:0
end_of_record
TN:
SF:src\components\ui\Textarea.tsx
FN:13,(anonymous_0)
FN:18,(anonymous_1)
FN:29,(anonymous_2)
FN:38,(anonymous_3)
FNF:4
FNH:4
FNDA:33,(anonymous_0)
FNDA:24,(anonymous_1)
FNDA:33,(anonymous_2)
FNDA:24,(anonymous_3)
DA:6,2
DA:13,2
DA:15,33
DA:18,33
DA:20,24
DA:21,24
DA:22,24
DA:29,33
DA:30,33
DA:31,33
DA:32,33
DA:33,33
DA:34,33
DA:35,33
DA:38,33
DA:39,24
DA:40,2
DA:41,2
DA:43,24
DA:46,33
DA:65,2
LF:21
LH:21
BRDA:21,0,0,0
BRDA:21,0,1,24
BRDA:22,1,0,0
BRDA:22,1,1,24
BRDA:31,2,0,0
BRDA:31,2,1,33
BRDA:35,3,0,0
BRDA:35,3,1,33
BRDA:39,4,0,2
BRDA:39,4,1,22
BRDA:39,5,0,24
BRDA:39,5,1,23
BRDA:39,5,2,2
BRF:13
BRH:9
end_of_record
TN:
SF:src\hooks\useChat.ts
FN:48,toFriendlyError
FN:70,useChat
FN:77,(anonymous_2)
FN:79,(anonymous_3)
FN:85,(anonymous_4)
FN:90,(anonymous_5)
FN:101,(anonymous_6)
FN:117,(anonymous_7)
FN:144,(anonymous_8)
FNF:9
FNH:9
FNDA:6,toFriendlyError
FNDA:30,useChat
FNDA:30,(anonymous_2)
FNDA:13,(anonymous_3)
FNDA:12,(anonymous_4)
FNDA:14,(anonymous_5)
FNDA:13,(anonymous_6)
FNDA:12,(anonymous_7)
FNDA:1,(anonymous_8)
DA:7,1
DA:49,6
DA:50,6
DA:51,4
DA:52,3
DA:53,2
DA:54,2
DA:55,0
DA:56,0
DA:71,30
DA:72,30
DA:76,30
DA:77,30
DA:79,30
DA:80,13
DA:85,13
DA:86,13
DA:89,30
DA:91,14
DA:92,14
DA:94,13
DA:101,13
DA:102,13
DA:104,13
DA:105,14
DA:106,1
DA:111,1
DA:112,1
DA:115,12
DA:117,12
DA:122,12
DA:123,8
DA:125,8
DA:127,8
DA:132,6
DA:138,12
DA:144,30
DA:145,1
DA:148,30
LF:39
LH:37
BRDA:49,0,0,6
BRDA:49,0,1,0
BRDA:50,1,0,2
BRDA:50,1,1,4
BRDA:51,2,0,1
BRDA:51,2,1,3
BRDA:52,3,0,1
BRDA:52,3,1,2
BRDA:53,4,0,2
BRDA:53,4,1,0
BRDA:55,5,0,0
BRDA:55,5,1,0
BRDA:92,6,0,1
BRDA:92,6,1,13
BRDA:92,7,0,14
BRDA:92,7,1,13
BRDA:105,8,0,1
BRDA:105,8,1,13
BRDA:129,9,0,0
BRDA:129,9,1,6
BRF:20
BRH:15
end_of_record
TN:
SF:src\hooks\useSchemaReducer.ts
FN:17,schemaReducer
FN:27,(anonymous_1)
FN:34,(anonymous_2)
FN:45,(anonymous_3)
FN:68,(anonymous_4)
FN:75,(anonymous_5)
FN:94,useSchemaReducer
FNF:7
FNH:7
FNDA:113,schemaReducer
FNDA:7,(anonymous_1)
FNDA:16,(anonymous_2)
FNDA:12,(anonymous_3)
FNDA:4,(anonymous_4)
FNDA:5,(anonymous_5)
FNDA:51,useSchemaReducer
DA:15,2
DA:18,113
DA:20,51
DA:21,51
DA:25,5
DA:27,7
DA:32,15
DA:35,16
DA:43,12
DA:46,12
DA:54,2
DA:61,19
DA:62,19
DA:66,3
DA:68,4
DA:73,5
DA:76,5
DA:86,1
DA:87,1
DA:88,1
DA:95,51
DA:96,51
LF:22
LH:22
BRDA:18,0,0,51
BRDA:18,0,1,5
BRDA:18,0,2,15
BRDA:18,0,3,12
BRDA:18,0,4,2
BRDA:18,0,5,19
BRDA:18,0,6,3
BRDA:18,0,7,5
BRDA:18,0,8,1
BRDA:35,1,0,14
BRDA:35,1,1,2
BRDA:46,2,0,12
BRDA:46,2,1,0
BRDA:56,3,0,2
BRDA:56,3,1,1
BRDA:76,4,0,4
BRDA:76,4,1,1
BRF:17
BRH:16
end_of_record
TN:
SF:src\lib\api.ts
FN:18,callClaude
FNF:1
FNH:1
FNDA:6,callClaude
DA:24,6
DA:26,6
DA:41,5
DA:42,2
DA:43,2
DA:44,2
DA:45,1
DA:49,2
DA:54,3
DA:55,3
DA:56,6
DA:57,1
DA:59,2
LF:13
LH:13
BRDA:22,0,0,6
BRDA:41,1,0,2
BRDA:41,1,1,3
BRDA:45,2,0,1
BRDA:45,2,1,0
BRDA:50,3,0,1
BRDA:50,3,1,1
BRDA:56,4,0,1
BRDA:56,4,1,5
BRF:9
BRH:8
end_of_record
TN:
SF:src\lib\cn.ts
FN:4,cn
FNF:1
FNH:1
FNDA:554,cn
DA:5,554
LF:1
LH:1
BRF:0
BRH:0
end_of_record
TN:
SF:src\lib\exportSchema.ts
FN:3,exportSchema
FN:5,(anonymous_1)
FN:11,(anonymous_2)
FNF:3
FNH:3
FNDA:11,exportSchema
FNDA:11,(anonymous_1)
FNDA:2,(anonymous_2)
DA:4,11
DA:5,11
DA:12,2
DA:13,2
LF:4
LH:4
BRF:0
BRH:0
end_of_record
TN:
SF:src\lib\parseSchema.ts
FN:6,extractJson
FN:12,isValidOptions
FN:29,(anonymous_2)
FN:37,isValidField
FN:47,isValidConstraint
FN:74,parseSchemaResponse
FN:94,(anonymous_6)
FN:103,(anonymous_7)
FNF:8
FNH:8
FNDA:49,extractJson
FNDA:42,isValidOptions
FNDA:3,(anonymous_2)
FNDA:45,isValidField
FNDA:14,isValidConstraint
FNDA:49,parseSchemaResponse
FNDA:45,(anonymous_6)
FNDA:14,(anonymous_7)
DA:4,2
DA:7,49
DA:8,49
DA:9,47
DA:13,42
DA:14,13
DA:16,13
DA:18,13
DA:21,7
DA:24,2
DA:27,3
DA:29,3
DA:33,1
DA:38,45
DA:39,45
DA:40,45
DA:41,44
DA:42,43
DA:43,42
DA:44,36
DA:48,14
DA:49,14
DA:50,14
DA:52,14
DA:54,6
DA:60,2
DA:66,3
DA:68,2
DA:70,1
DA:75,49
DA:78,49
DA:79,49
DA:81,3
DA:84,46
DA:85,1
DA:88,45
DA:90,45
DA:91,1
DA:94,45
DA:95,44
DA:96,9
DA:102,35
DA:103,49
DA:104,49
DA:105,6
DA:112,29
LF:46
LH:46
BRDA:8,0,0,2
BRDA:8,0,1,47
BRDA:13,1,0,29
BRDA:13,1,1,13
BRDA:13,2,0,42
BRDA:13,2,1,13
BRDA:14,3,0,0
BRDA:14,3,1,13
BRDA:14,4,0,13
BRDA:14,4,1,13
BRDA:18,5,0,5
BRDA:18,5,1,7
BRDA:18,5,2,2
BRDA:18,5,3,3
BRDA:18,5,4,1
BRDA:21,6,0,7
BRDA:21,6,1,5
BRDA:28,7,0,3
BRDA:28,7,1,2
BRDA:38,8,0,0
BRDA:38,8,1,45
BRDA:38,9,0,45
BRDA:38,9,1,45
BRDA:40,10,0,1
BRDA:40,10,1,44
BRDA:40,11,0,45
BRDA:40,11,1,45
BRDA:41,12,0,1
BRDA:41,12,1,43
BRDA:42,13,0,1
BRDA:42,13,1,42
BRDA:42,14,0,43
BRDA:42,14,1,43
BRDA:42,14,2,43
BRDA:43,15,0,6
BRDA:43,15,1,36
BRDA:48,16,0,0
BRDA:48,16,1,14
BRDA:48,17,0,14
BRDA:48,17,1,14
BRDA:50,18,0,0
BRDA:50,18,1,14
BRDA:52,19,0,6
BRDA:52,19,1,2
BRDA:52,19,2,3
BRDA:52,19,3,2
BRDA:52,19,4,1
BRDA:55,20,0,6
BRDA:55,20,1,6
BRDA:55,20,2,5
BRDA:55,20,3,5
BRDA:55,20,4,5
BRDA:61,21,0,2
BRDA:61,21,1,2
BRDA:61,21,2,2
BRDA:61,21,3,2
BRDA:61,21,4,2
BRDA:66,22,0,3
BRDA:66,22,1,3
BRDA:68,23,0,2
BRDA:68,23,1,2
BRDA:84,24,0,1
BRDA:84,24,1,45
BRDA:84,25,0,46
BRDA:84,25,1,45
BRDA:90,26,0,1
BRDA:90,26,1,44
BRDA:95,27,0,9
BRDA:95,27,1,35
BRDA:102,28,0,20
BRDA:102,28,1,15
BRDA:104,29,0,6
BRDA:104,29,1,43
BRF:73
BRH:69
end_of_record
TN:
SF:src\lib\schemaToFields.ts
FN:7,exportedSchemaToFields
FN:8,(anonymous_1)
FNF:2
FNH:2
FNDA:5,exportedSchemaToFields
FNDA:7,(anonymous_1)
DA:8,7
LF:1
LH:1
BRDA:13,0,0,7
BRDA:13,0,1,5
BRF:2
BRH:2
end_of_record
TN:
SF:src\lib\styles.ts
FNF:0
FNH:0
DA:3,5
LF:1
LH:1
BRF:0
BRH:0
end_of_record
TN:
SF:src\types\schema.ts
FNF:0
FNH:0
DA:12,3
LF:1
LH:1
BRF:0
BRH:0
end_of_record
